TN:
SF:src\index.ts
FNF:0
FNH:0
DA:1,1
DA:2,1
DA:3,1
DA:4,1
DA:5,1
DA:6,1
DA:7,1
DA:8,1
DA:9,1
DA:10,1
DA:11,1
DA:12,1
DA:13,1
DA:14,1
DA:15,1
DA:16,1
DA:17,1
DA:18,1
DA:19,1
DA:20,1
DA:21,1
DA:22,1
DA:23,1
DA:24,1
DA:25,1
DA:26,1
DA:27,1
LF:27
LH:27
BRDA:21,0,0,1
BRF:1
BRH:1
end_of_record
TN:
SF:src\controllers\history.ts
FN:5,getAllHistories
FN:14,getAllEspecificHistories
FN:26,addHistory
FNF:3
FNH:0
FNDA:0,getAllHistories
FNDA:0,getAllEspecificHistories
FNDA:0,addHistory
DA:1,1
DA:2,1
DA:3,1
DA:4,1
DA:5,1
DA:6,0
DA:7,0
DA:8,0
DA:9,0
DA:10,0
DA:11,0
DA:12,0
DA:13,1
DA:14,1
DA:15,0
DA:16,0
DA:17,0
DA:18,0
DA:19,0
DA:20,0
DA:21,0
DA:22,0
DA:23,0
DA:24,0
DA:25,1
DA:26,1
DA:27,0
DA:28,0
DA:29,0
DA:30,0
DA:31,0
DA:32,0
DA:33,0
DA:34,0
DA:35,0
DA:36,0
DA:37,0
DA:38,0
DA:39,0
DA:40,0
DA:41,0
DA:42,0
DA:43,1
DA:44,1
LF:44
LH:11
BRF:0
BRH:0
end_of_record
TN:
SF:src\controllers\user.ts
FN:6,getAllUsers
FN:15,register
FN:39,login
FNF:3
FNH:2
FNDA:1,getAllUsers
FNDA:0,register
FNDA:2,login
DA:1,1
DA:2,1
DA:3,1
DA:4,1
DA:5,1
DA:6,1
DA:7,1
DA:8,1
DA:9,1
DA:10,1
DA:11,0
DA:12,0
DA:13,1
DA:14,1
DA:15,1
DA:16,0
DA:17,0
DA:18,0
DA:19,0
DA:20,0
DA:21,0
DA:22,0
DA:23,0
DA:24,0
DA:25,0
DA:26,0
DA:27,0
DA:28,0
DA:29,0
DA:30,0
DA:31,0
DA:32,0
DA:33,0
DA:34,0
DA:35,0
DA:36,0
DA:37,1
DA:38,1
DA:39,1
DA:40,2
DA:41,2
DA:42,2
DA:43,2
DA:44,2
DA:45,2
DA:46,2
DA:47,2
DA:48,2
DA:49,2
DA:50,1
DA:51,1
DA:52,1
DA:53,1
DA:54,1
DA:55,1
DA:56,1
DA:57,1
DA:58,2
DA:59,1
DA:60,1
DA:61,1
DA:62,1
LF:62
LH:39
BRDA:6,0,0,1
BRDA:6,1,0,1
BRDA:10,2,0,0
BRDA:39,3,0,2
BRDA:39,4,0,2
BRDA:45,5,0,0
BRDA:49,6,0,1
BRF:7
BRH:5
end_of_record
TN:
SF:src\middleware\authMiddleware.ts
FN:10,authMiddleware
FNF:1
FNH:0
FNDA:0,authMiddleware
DA:1,1
DA:2,1
DA:3,1
DA:4,1
DA:5,1
DA:6,1
DA:7,1
DA:8,1
DA:9,1
DA:10,1
DA:11,0
DA:12,0
DA:13,0
DA:14,0
DA:15,0
DA:16,0
DA:17,0
DA:18,0
DA:19,0
DA:20,0
DA:21,0
DA:22,0
DA:23,0
DA:24,0
DA:25,0
DA:26,0
DA:27,0
DA:28,0
DA:29,0
DA:30,0
DA:31,0
DA:32,0
DA:33,0
DA:34,0
DA:35,0
DA:36,0
DA:37,0
DA:38,0
DA:39,0
DA:40,0
DA:41,0
DA:42,0
DA:43,0
DA:44,0
DA:45,0
DA:46,1
DA:47,1
LF:47
LH:12
BRF:0
BRH:0
end_of_record
TN:
SF:src\models\History.ts
FNF:0
FNH:0
DA:1,1
DA:2,1
DA:3,1
DA:4,1
DA:5,1
DA:6,1
DA:7,1
DA:8,1
DA:9,1
DA:10,1
DA:11,1
DA:12,1
DA:13,1
DA:14,1
DA:15,1
DA:16,1
DA:17,1
DA:18,1
DA:19,1
DA:20,1
DA:21,1
DA:22,1
DA:23,1
DA:24,1
LF:24
LH:24
BRF:0
BRH:0
end_of_record
TN:
SF:src\models\User.ts
FNF:0
FNH:0
DA:1,1
DA:2,1
DA:3,1
DA:4,1
DA:5,1
DA:6,1
DA:7,1
DA:8,1
DA:9,1
DA:10,1
DA:11,1
DA:12,1
DA:13,1
DA:14,1
DA:15,1
LF:15
LH:15
BRF:0
BRH:0
end_of_record
TN:
SF:src\routes\historyRoute.ts
FN:5,historyRoute
FNF:1
FNH:1
FNDA:1,historyRoute
DA:1,1
DA:2,1
DA:3,1
DA:4,1
DA:5,1
DA:6,1
DA:7,1
DA:8,1
DA:9,1
DA:10,1
DA:11,1
LF:11
LH:11
BRDA:5,0,0,1
BRF:1
BRH:1
end_of_record
TN:
SF:src\routes\index.ts
FN:6,routesModule
FNF:1
FNH:1
FNDA:1,routesModule
DA:1,1
DA:2,1
DA:3,1
DA:4,1
DA:5,1
DA:6,1
DA:7,1
DA:8,1
DA:9,1
DA:10,1
DA:11,1
DA:12,1
LF:12
LH:12
BRDA:6,0,0,1
BRF:1
BRH:1
end_of_record
TN:
SF:src\routes\userRoute.ts
FN:4,userRoute
FNF:1
FNH:1
FNDA:1,userRoute
DA:1,1
DA:2,1
DA:3,1
DA:4,1
DA:5,1
DA:6,1
DA:7,1
DA:8,1
LF:8
LH:8
BRDA:4,0,0,1
BRF:1
BRH:1
end_of_record
TN:
SF:src\utils\generateToken.ts
FN:4,generateToken
FNF:1
FNH:1
FNDA:1,generateToken
DA:1,1
DA:2,1
DA:3,1
DA:4,1
DA:5,1
DA:6,1
DA:7,1
DA:8,1
DA:9,1
DA:10,1
DA:11,1
DA:12,1
DA:13,1
LF:13
LH:13
BRDA:4,0,0,1
BRF:1
BRH:1
end_of_record
